15:21:21.049 [main] DEBUG org.testng.TestNG -suiteXmlPath: "/var/folders/t7/0c5nm68x2dz7s6jnjvbvmyrc0000gn/T/testng-eclipse--916354149/testng-customsuite.xml"
15:21:21.289 [main] INFO  org.testng.internal.Utils -[Utils] MethodGroupsHelper.collectMethodsByGroup() took 0 ms.
15:21:21.293 [main] INFO  org.testng.internal.Utils -[Utils] MethodGroupsHelper.sortMethods() took 1 ms.
15:21:21.297 [main] INFO  org.testng.internal.Utils -[Utils] MethodGroupsHelper.collectMethodsByGroup() took 0 ms.
15:21:21.297 [main] INFO  org.testng.internal.Utils -[Utils] MethodGroupsHelper.sortMethods() took 0 ms.
15:21:21.298 [main] INFO  org.testng.internal.Utils -[Utils] MethodGroupsHelper.collectMethodsByGroup() took 0 ms.
15:21:21.298 [main] INFO  org.testng.internal.Utils -[Utils] MethodGroupsHelper.sortMethods() took 0 ms.
15:21:21.299 [main] INFO  org.testng.internal.Utils -[Utils] MethodGroupsHelper.collectMethodsByGroup() took 0 ms.
15:21:21.299 [main] INFO  org.testng.internal.Utils -[Utils] MethodGroupsHelper.sortMethods() took 0 ms.
15:21:21.313 [main] INFO  org.testng.internal.Utils -[Utils] MethodGroupsHelper.collectMethodsByGroup() took 12 ms.
15:21:21.333 [main] INFO  org.testng.internal.Utils -[Utils] MethodGroupsHelper.sortMethods() took 19 ms.
15:21:21.335 [main] INFO  org.testng.internal.Utils -[Utils] MethodGroupsHelper.collectMethodsByGroup() took 0 ms.
15:21:21.336 [main] INFO  org.testng.internal.Utils -[Utils] MethodGroupsHelper.sortMethods() took 0 ms.
15:21:21.337 [main] INFO  org.testng.internal.Utils -[Utils] MethodGroupsHelper.collectMethodsByGroup() took 0 ms.
15:21:21.338 [main] INFO  org.testng.internal.Utils -[Utils] MethodGroupsHelper.sortMethods() took 0 ms.
15:21:21.338 [main] INFO  org.testng.internal.Utils -[Utils] MethodGroupsHelper.collectMethodsByGroup() took 0 ms.
15:21:21.339 [main] INFO  org.testng.internal.Utils -[Utils] MethodGroupsHelper.sortMethods() took 0 ms.
15:21:21.341 [main] INFO  org.testng.internal.Utils -[Utils] MethodGroupsHelper.collectMethodsByGroup() took 0 ms.
15:21:21.341 [main] INFO  org.testng.internal.Utils -[Utils] MethodGroupsHelper.sortMethods() took 0 ms.
15:21:21.341 [main] INFO  org.testng.internal.Utils -[Utils] MethodGroupsHelper.collectMethodsByGroup() took 0 ms.
15:21:21.341 [main] INFO  org.testng.internal.Utils -[Utils] MethodGroupsHelper.sortMethods() took 0 ms.
15:21:21.344 [main] INFO  org.testng.internal.Utils -[Utils] MethodGroupsHelper.collectMethodsByGroup() took 0 ms.
15:21:21.344 [main] INFO  org.testng.internal.Utils -[Utils] MethodGroupsHelper.sortMethods() took 0 ms.
15:21:21.344 [main] INFO  org.testng.internal.Utils -[Utils] MethodGroupsHelper.collectMethodsByGroup() took 0 ms.
15:21:21.344 [main] INFO  org.testng.internal.Utils -[Utils] MethodGroupsHelper.sortMethods() took 0 ms.
15:21:21.345 [main] INFO  org.testng.internal.Utils -[Utils] MethodGroupsHelper.collectMethodsByGroup() took 0 ms.
15:21:21.345 [main] INFO  org.testng.internal.Utils -[Utils] MethodGroupsHelper.sortMethods() took 0 ms.
15:21:21.347 [main] INFO  org.testng.internal.Utils -[Utils] MethodGroupsHelper.collectMethodsByGroup() took 0 ms.
15:21:21.348 [main] INFO  org.testng.internal.Utils -[Utils] MethodGroupsHelper.sortMethods() took 0 ms.
15:21:21.348 [main] INFO  org.testng.internal.Utils -[Utils] MethodGroupsHelper.collectMethodsByGroup() took 0 ms.
15:21:21.348 [main] INFO  org.testng.internal.Utils -[Utils] MethodGroupsHelper.sortMethods() took 0 ms.
15:21:21.358 [main] INFO  org.testng.internal.Utils -[TestNG] Running:
  /private/var/folders/t7/0c5nm68x2dz7s6jnjvbvmyrc0000gn/T/testng-eclipse--916354149/testng-customsuite.xml

15:21:21.379 [main] INFO  org.testng.internal.Utils -[Utils] DynamicGraphHelper.createDynamicGraph() took 4 ms.
15:21:26.924 [main] INFO  testCases.TC001_AccountRegisterationTest -** TC1 Started **
15:21:27.440 [main] INFO  testCases.TC001_AccountRegisterationTest -** Home Page **
15:21:27.445 [main] INFO  testCases.TC001_AccountRegisterationTest -** Registeration Page **
15:21:27.987 [main] INFO  testCases.TC001_AccountRegisterationTest -** Agreed **
15:21:28.615 [main] INFO  testCases.TC001_AccountRegisterationTest -** Continued **
15:21:28.617 [main] INFO  testCases.TC001_AccountRegisterationTest -** Message Validation **
15:21:28.646 [main] ERROR testCases.TC001_AccountRegisterationTest -Test Failed
15:21:28.647 [main] DEBUG testCases.TC001_AccountRegisterationTest -Debug Logs..
15:21:29.023 [main] INFO  org.testng.internal.Utils -[TestNG] Time taken by org.testng.reporters.jq.Main@76954a33: 99 ms
15:21:29.034 [main] INFO  org.testng.internal.Utils -[TestNG] Time taken by org.testng.reporters.FailedReporter@659a2455: 11 ms
15:21:29.044 [main] INFO  org.testng.internal.Utils -[TestNG] Time taken by org.testng.reporters.XMLReporter@6f952d6c: 10 ms
15:21:29.053 [main] INFO  org.testng.internal.Utils -[TestNG] Time taken by org.testng.reporters.EmailableReporter2@76075d65: 8 ms
15:21:29.060 [main] INFO  org.testng.internal.Utils -[TestNG] Time taken by org.testng.reporters.JUnitReportReporter@878537d: 7 ms
15:21:29.060 [main] INFO  org.testng.internal.Utils -[TestNG] Time taken by org.testng.internal.ExitCodeListener@4455f57d: 0 ms
09:24:32.395 [main] DEBUG org.testng.TestNG -suiteXmlPath: "/Users/yugamanis/eclipse-workspace/OpenCartV1/master.xml"
09:24:32.753 [main] INFO  org.testng.internal.Utils -[TestNG] Running:
  /Users/yugamanis/eclipse-workspace/OpenCartV1/master.xml

09:24:39.369 [main] INFO  testCases.TC001_AccountRegisterationTest -** TC1 Started **
09:24:39.869 [main] INFO  testCases.TC001_AccountRegisterationTest -** Home Page **
09:24:39.874 [main] INFO  testCases.TC001_AccountRegisterationTest -** Registeration Page **
09:24:40.501 [main] INFO  testCases.TC001_AccountRegisterationTest -** Agreed **
09:24:41.116 [main] INFO  testCases.TC001_AccountRegisterationTest -** Continued **
09:24:41.117 [main] INFO  testCases.TC001_AccountRegisterationTest -** Message Validation **
09:24:41.151 [main] ERROR testCases.TC001_AccountRegisterationTest -Test Failed
09:24:41.152 [main] DEBUG testCases.TC001_AccountRegisterationTest -Debug Logs..
09:26:18.655 [main] DEBUG org.testng.TestNG -suiteXmlPath: "/Users/yugamanis/eclipse-workspace/OpenCartV1/master.xml"
09:26:19.002 [main] INFO  org.testng.internal.Utils -[TestNG] Running:
  /Users/yugamanis/eclipse-workspace/OpenCartV1/master.xml

09:26:22.766 [main] INFO  testCases.TC001_AccountRegisterationTest -** TC1 Started **
09:26:23.388 [main] INFO  testCases.TC001_AccountRegisterationTest -** Home Page **
09:26:23.392 [main] INFO  testCases.TC001_AccountRegisterationTest -** Registeration Page **
09:26:23.942 [main] INFO  testCases.TC001_AccountRegisterationTest -** Agreed **
09:26:24.629 [main] INFO  testCases.TC001_AccountRegisterationTest -** Continued **
09:26:24.629 [main] INFO  testCases.TC001_AccountRegisterationTest -** Message Validation **
09:26:24.660 [main] ERROR testCases.TC001_AccountRegisterationTest -Test Failed
09:26:24.660 [main] DEBUG testCases.TC001_AccountRegisterationTest -Debug Logs..
09:27:26.167 [main] DEBUG org.testng.TestNG -suiteXmlPath: "/Users/yugamanis/eclipse-workspace/OpenCartV1/master.xml"
09:27:26.447 [main] INFO  org.testng.internal.Utils -[TestNG] Running:
  /Users/yugamanis/eclipse-workspace/OpenCartV1/master.xml

09:27:29.882 [main] INFO  testCases.TC001_AccountRegisterationTest -** TC1 Started **
09:27:30.301 [main] INFO  testCases.TC001_AccountRegisterationTest -** Home Page **
09:27:30.304 [main] INFO  testCases.TC001_AccountRegisterationTest -** Registeration Page **
09:27:30.839 [main] INFO  testCases.TC001_AccountRegisterationTest -** Agreed **
09:27:31.383 [main] INFO  testCases.TC001_AccountRegisterationTest -** Continued **
09:27:31.383 [main] INFO  testCases.TC001_AccountRegisterationTest -** Message Validation **
09:27:31.423 [main] INFO  testCases.TC001_AccountRegisterationTest -** Test Completed **
09:48:43.133 [main] DEBUG org.testng.TestNG -suiteXmlPath: "/Users/yugamanis/eclipse-workspace/OpenCartV1/master.xml"
09:48:43.439 [main] INFO  org.testng.internal.Utils -[TestNG] Running:
  /Users/yugamanis/eclipse-workspace/OpenCartV1/master.xml

09:48:47.560 [main] INFO  testCases.TC001_AccountRegisterationTest -** TC1 Started **
09:48:48.096 [main] INFO  testCases.TC001_AccountRegisterationTest -** Home Page **
09:48:48.101 [main] INFO  testCases.TC001_AccountRegisterationTest -** Registeration Page **
09:48:48.709 [main] INFO  testCases.TC001_AccountRegisterationTest -** Agreed **
09:48:49.332 [main] INFO  testCases.TC001_AccountRegisterationTest -** Continued **
09:48:49.336 [main] INFO  testCases.TC001_AccountRegisterationTest -** Message Validation **
09:48:49.386 [main] INFO  testCases.TC001_AccountRegisterationTest -** Test Completed **
14:53:24.325 [main] DEBUG org.testng.TestNG -suiteXmlPath: "/Users/yugamanis/eclipse-workspace/OpenCartV1/master.xml"
14:53:24.607 [main] INFO  org.testng.internal.Utils -[TestNG] Running:
  /Users/yugamanis/eclipse-workspace/OpenCartV1/master.xml

14:54:17.120 [main] DEBUG org.testng.TestNG -suiteXmlPath: "/Users/yugamanis/eclipse-workspace/OpenCartV1/master.xml"
14:54:17.323 [main] INFO  org.testng.internal.Utils -[TestNG] Running:
  /Users/yugamanis/eclipse-workspace/OpenCartV1/master.xml

14:54:58.042 [main] DEBUG org.testng.TestNG -suiteXmlPath: "/Users/yugamanis/eclipse-workspace/OpenCartV1/master.xml"
14:54:58.334 [main] INFO  org.testng.internal.Utils -[TestNG] Running:
  /Users/yugamanis/eclipse-workspace/OpenCartV1/master.xml

14:56:31.725 [main] DEBUG org.testng.TestNG -suiteXmlPath: "/Users/yugamanis/eclipse-workspace/OpenCartV1/master.xml"
14:56:32.004 [main] INFO  org.testng.internal.Utils -[TestNG] Running:
  /Users/yugamanis/eclipse-workspace/OpenCartV1/master.xml

14:56:43.944 [main] INFO  testCases.TC001_AccountRegisterationTest -** TC1 Started **
14:56:44.488 [main] INFO  testCases.TC001_AccountRegisterationTest -** Home Page **
14:56:44.491 [main] INFO  testCases.TC001_AccountRegisterationTest -** Registeration Page **
14:56:45.058 [main] INFO  testCases.TC001_AccountRegisterationTest -** Agreed **
14:56:45.593 [main] INFO  testCases.TC001_AccountRegisterationTest -** Continued **
14:56:45.596 [main] INFO  testCases.TC001_AccountRegisterationTest -** Message Validation **
14:56:45.631 [main] INFO  testCases.TC001_AccountRegisterationTest -** Test Completed **
14:58:13.990 [main] DEBUG org.testng.TestNG -suiteXmlPath: "/Users/yugamanis/eclipse-workspace/OpenCartV1/master.xml"
14:58:14.212 [main] INFO  org.testng.internal.Utils -[TestNG] Running:
  /Users/yugamanis/eclipse-workspace/OpenCartV1/master.xml

14:58:54.832 [main] DEBUG org.testng.TestNG -suiteXmlPath: "/var/folders/t7/0c5nm68x2dz7s6jnjvbvmyrc0000gn/T/testng-eclipse-1503045788/testng-customsuite.xml"
14:58:55.066 [main] INFO  org.testng.internal.Utils -[Utils] MethodGroupsHelper.collectMethodsByGroup() took 0 ms.
14:58:55.076 [main] INFO  org.testng.internal.Utils -[Utils] MethodGroupsHelper.sortMethods() took 5 ms.
14:58:55.083 [main] INFO  org.testng.internal.Utils -[Utils] MethodGroupsHelper.collectMethodsByGroup() took 0 ms.
14:58:55.083 [main] INFO  org.testng.internal.Utils -[Utils] MethodGroupsHelper.sortMethods() took 0 ms.
14:58:55.086 [main] INFO  org.testng.internal.Utils -[Utils] MethodGroupsHelper.collectMethodsByGroup() took 0 ms.
14:58:55.086 [main] INFO  org.testng.internal.Utils -[Utils] MethodGroupsHelper.sortMethods() took 0 ms.
14:58:55.089 [main] INFO  org.testng.internal.Utils -[Utils] MethodGroupsHelper.collectMethodsByGroup() took 0 ms.
14:58:55.089 [main] INFO  org.testng.internal.Utils -[Utils] MethodGroupsHelper.sortMethods() took 0 ms.
14:58:55.095 [main] INFO  org.testng.internal.Utils -[Utils] MethodGroupsHelper.collectMethodsByGroup() took 3 ms.
14:58:55.103 [main] INFO  org.testng.internal.Utils -[Utils] MethodGroupsHelper.sortMethods() took 7 ms.
14:58:55.105 [main] INFO  org.testng.internal.Utils -[Utils] MethodGroupsHelper.collectMethodsByGroup() took 0 ms.
14:58:55.105 [main] INFO  org.testng.internal.Utils -[Utils] MethodGroupsHelper.sortMethods() took 0 ms.
14:58:55.107 [main] INFO  org.testng.internal.Utils -[Utils] MethodGroupsHelper.collectMethodsByGroup() took 0 ms.
14:58:55.107 [main] INFO  org.testng.internal.Utils -[Utils] MethodGroupsHelper.sortMethods() took 0 ms.
14:58:55.108 [main] INFO  org.testng.internal.Utils -[Utils] MethodGroupsHelper.collectMethodsByGroup() took 0 ms.
14:58:55.108 [main] INFO  org.testng.internal.Utils -[Utils] MethodGroupsHelper.sortMethods() took 0 ms.
14:58:55.111 [main] INFO  org.testng.internal.Utils -[Utils] MethodGroupsHelper.collectMethodsByGroup() took 0 ms.
14:58:55.111 [main] INFO  org.testng.internal.Utils -[Utils] MethodGroupsHelper.sortMethods() took 0 ms.
14:58:55.112 [main] INFO  org.testng.internal.Utils -[Utils] MethodGroupsHelper.collectMethodsByGroup() took 0 ms.
14:58:55.112 [main] INFO  org.testng.internal.Utils -[Utils] MethodGroupsHelper.sortMethods() took 0 ms.
14:58:55.114 [main] INFO  org.testng.internal.Utils -[Utils] MethodGroupsHelper.collectMethodsByGroup() took 0 ms.
14:58:55.114 [main] INFO  org.testng.internal.Utils -[Utils] MethodGroupsHelper.sortMethods() took 0 ms.
14:58:55.114 [main] INFO  org.testng.internal.Utils -[Utils] MethodGroupsHelper.collectMethodsByGroup() took 0 ms.
14:58:55.114 [main] INFO  org.testng.internal.Utils -[Utils] MethodGroupsHelper.sortMethods() took 0 ms.
14:58:55.115 [main] INFO  org.testng.internal.Utils -[Utils] MethodGroupsHelper.collectMethodsByGroup() took 0 ms.
14:58:55.115 [main] INFO  org.testng.internal.Utils -[Utils] MethodGroupsHelper.sortMethods() took 0 ms.
14:58:55.117 [main] INFO  org.testng.internal.Utils -[Utils] MethodGroupsHelper.collectMethodsByGroup() took 0 ms.
14:58:55.117 [main] INFO  org.testng.internal.Utils -[Utils] MethodGroupsHelper.sortMethods() took 0 ms.
14:58:55.117 [main] INFO  org.testng.internal.Utils -[Utils] MethodGroupsHelper.collectMethodsByGroup() took 0 ms.
14:58:55.117 [main] INFO  org.testng.internal.Utils -[Utils] MethodGroupsHelper.sortMethods() took 0 ms.
14:58:55.125 [main] INFO  org.testng.internal.Utils -[TestNG] Running:
  /private/var/folders/t7/0c5nm68x2dz7s6jnjvbvmyrc0000gn/T/testng-eclipse-1503045788/testng-customsuite.xml

14:58:55.145 [main] INFO  org.testng.internal.Utils -[Utils] DynamicGraphHelper.createDynamicGraph() took 4 ms.
14:58:55.322 [main] INFO  org.testng.internal.Utils -[TestNG] Time taken by org.testng.reporters.jq.Main@2072acb2: 63 ms
14:58:55.341 [main] INFO  org.testng.internal.Utils -[TestNG] Time taken by org.testng.reporters.FailedReporter@3300f4fd: 18 ms
14:58:55.350 [main] INFO  org.testng.internal.Utils -[TestNG] Time taken by org.testng.reporters.XMLReporter@65fe9e33: 9 ms
14:58:55.358 [main] INFO  org.testng.internal.Utils -[TestNG] Time taken by org.testng.reporters.EmailableReporter2@37efd131: 7 ms
14:58:55.365 [main] INFO  org.testng.internal.Utils -[TestNG] Time taken by org.testng.reporters.JUnitReportReporter@1dd6d4b7: 7 ms
14:58:55.366 [main] INFO  org.testng.internal.Utils -[TestNG] Time taken by org.testng.internal.ExitCodeListener@56e8b606: 1 ms
15:02:12.774 [main] DEBUG org.testng.TestNG -suiteXmlPath: "/Users/yugamanis/eclipse-workspace/OpenCartV1/master.xml"
15:02:13.052 [main] INFO  org.testng.internal.Utils -[TestNG] Running:
  /Users/yugamanis/eclipse-workspace/OpenCartV1/master.xml

15:02:24.037 [main] INFO  testCases.TC002_LoginTest -** Starting TC002 Login Test
15:04:38.460 [main] DEBUG org.testng.TestNG -suiteXmlPath: "/Users/yugamanis/eclipse-workspace/OpenCartV1/master.xml"
15:04:38.692 [main] INFO  org.testng.internal.Utils -[TestNG] Running:
  /Users/yugamanis/eclipse-workspace/OpenCartV1/master.xml

15:04:49.219 [main] INFO  testCases.TC002_LoginTest -** Starting TC002 Login Test
15:05:00.265 [main] INFO  testCases.TC002_LoginTest -** meessage validation **
15:07:05.694 [main] DEBUG org.testng.TestNG -suiteXmlPath: "/Users/yugamanis/eclipse-workspace/OpenCartV1/master.xml"
15:07:06.003 [main] INFO  org.testng.internal.Utils -[TestNG] Running:
  /Users/yugamanis/eclipse-workspace/OpenCartV1/master.xml

15:07:10.639 [main] INFO  testCases.TC002_LoginTest -** Starting TC002 Login Test
15:07:12.122 [main] INFO  testCases.TC002_LoginTest -** meessage validation **
15:07:12.124 [main] INFO  testCases.TC002_LoginTest -** meessage validation completed**
15:07:12.124 [main] INFO  testCases.TC002_LoginTest -** TC002_Login Test Finished
15:07:25.651 [main] DEBUG org.testng.TestNG -suiteXmlPath: "/Users/yugamanis/eclipse-workspace/OpenCartV1/master.xml"
15:07:25.914 [main] INFO  org.testng.internal.Utils -[TestNG] Running:
  /Users/yugamanis/eclipse-workspace/OpenCartV1/master.xml

15:07:28.968 [main] INFO  testCases.TC002_LoginTest -** Starting TC002 Login Test
15:07:30.022 [main] INFO  testCases.TC002_LoginTest -** meessage validation **
15:07:30.026 [main] INFO  testCases.TC002_LoginTest -** meessage validation completed**
15:07:30.026 [main] INFO  testCases.TC002_LoginTest -** TC002_Login Test Finished
21:06:05.330 [main] DEBUG org.testng.TestNG -suiteXmlPath: "/Users/yugamanis/eclipse-workspace/OpenCartV1/master.xml"
21:07:22.458 [main] DEBUG org.testng.TestNG -suiteXmlPath: "/Users/yugamanis/eclipse-workspace/OpenCartV1/master.xml"
21:07:22.736 [main] INFO  org.testng.internal.Utils -[TestNG] Running:
  /Users/yugamanis/eclipse-workspace/OpenCartV1/master.xml

21:08:46.066 [main] DEBUG org.testng.TestNG -suiteXmlPath: "/var/folders/t7/0c5nm68x2dz7s6jnjvbvmyrc0000gn/T/testng-eclipse--1856197015/testng-customsuite.xml"
21:08:46.276 [main] INFO  org.testng.internal.Utils -[Utils] MethodGroupsHelper.collectMethodsByGroup() took 0 ms.
21:08:46.279 [main] INFO  org.testng.internal.Utils -[Utils] MethodGroupsHelper.sortMethods() took 1 ms.
21:08:46.280 [main] INFO  org.testng.internal.Utils -[Utils] MethodGroupsHelper.collectMethodsByGroup() took 0 ms.
21:08:46.280 [main] INFO  org.testng.internal.Utils -[Utils] MethodGroupsHelper.sortMethods() took 0 ms.
21:08:46.281 [main] INFO  org.testng.internal.Utils -[Utils] MethodGroupsHelper.collectMethodsByGroup() took 0 ms.
21:08:46.281 [main] INFO  org.testng.internal.Utils -[Utils] MethodGroupsHelper.sortMethods() took 0 ms.
21:08:46.282 [main] INFO  org.testng.internal.Utils -[Utils] MethodGroupsHelper.collectMethodsByGroup() took 0 ms.
21:08:46.282 [main] INFO  org.testng.internal.Utils -[Utils] MethodGroupsHelper.sortMethods() took 0 ms.
21:08:46.289 [main] INFO  org.testng.internal.Utils -[Utils] MethodGroupsHelper.collectMethodsByGroup() took 5 ms.
21:08:46.301 [main] INFO  org.testng.internal.Utils -[Utils] MethodGroupsHelper.sortMethods() took 12 ms.
21:08:46.306 [main] INFO  org.testng.internal.Utils -[Utils] MethodGroupsHelper.collectMethodsByGroup() took 0 ms.
21:08:46.307 [main] INFO  org.testng.internal.Utils -[Utils] MethodGroupsHelper.sortMethods() took 0 ms.
21:08:46.308 [main] INFO  org.testng.internal.Utils -[Utils] MethodGroupsHelper.collectMethodsByGroup() took 0 ms.
21:08:46.308 [main] INFO  org.testng.internal.Utils -[Utils] MethodGroupsHelper.sortMethods() took 0 ms.
21:08:46.309 [main] INFO  org.testng.internal.Utils -[Utils] MethodGroupsHelper.collectMethodsByGroup() took 0 ms.
21:08:46.309 [main] INFO  org.testng.internal.Utils -[Utils] MethodGroupsHelper.sortMethods() took 0 ms.
21:08:46.312 [main] INFO  org.testng.internal.Utils -[Utils] MethodGroupsHelper.collectMethodsByGroup() took 0 ms.
21:08:46.312 [main] INFO  org.testng.internal.Utils -[Utils] MethodGroupsHelper.sortMethods() took 0 ms.
21:08:46.313 [main] INFO  org.testng.internal.Utils -[Utils] MethodGroupsHelper.collectMethodsByGroup() took 0 ms.
21:08:46.313 [main] INFO  org.testng.internal.Utils -[Utils] MethodGroupsHelper.sortMethods() took 0 ms.
21:08:46.317 [main] INFO  org.testng.internal.Utils -[Utils] MethodGroupsHelper.collectMethodsByGroup() took 0 ms.
21:08:46.317 [main] INFO  org.testng.internal.Utils -[Utils] MethodGroupsHelper.sortMethods() took 0 ms.
21:08:46.318 [main] INFO  org.testng.internal.Utils -[Utils] MethodGroupsHelper.collectMethodsByGroup() took 0 ms.
21:08:46.318 [main] INFO  org.testng.internal.Utils -[Utils] MethodGroupsHelper.sortMethods() took 0 ms.
21:08:46.319 [main] INFO  org.testng.internal.Utils -[Utils] MethodGroupsHelper.collectMethodsByGroup() took 0 ms.
21:08:46.319 [main] INFO  org.testng.internal.Utils -[Utils] MethodGroupsHelper.sortMethods() took 0 ms.
21:08:46.321 [main] INFO  org.testng.internal.Utils -[Utils] MethodGroupsHelper.collectMethodsByGroup() took 0 ms.
21:08:46.321 [main] INFO  org.testng.internal.Utils -[Utils] MethodGroupsHelper.sortMethods() took 0 ms.
21:08:46.321 [main] INFO  org.testng.internal.Utils -[Utils] MethodGroupsHelper.collectMethodsByGroup() took 0 ms.
21:08:46.322 [main] INFO  org.testng.internal.Utils -[Utils] MethodGroupsHelper.sortMethods() took 0 ms.
21:08:46.331 [main] INFO  org.testng.internal.Utils -[TestNG] Running:
  /private/var/folders/t7/0c5nm68x2dz7s6jnjvbvmyrc0000gn/T/testng-eclipse--1856197015/testng-customsuite.xml

21:08:46.362 [main] INFO  org.testng.internal.Utils -[Utils] DynamicGraphHelper.createDynamicGraph() took 9 ms.
21:08:46.408 [main] ERROR org.testng.internal.Utils -[Error] java.io.FileNotFoundException: .\testData\Opencart_LoginData.xlsx (No such file or directory)
	at java.base/java.io.FileInputStream.open0(Native Method)
	at java.base/java.io.FileInputStream.open(FileInputStream.java:213)
	at java.base/java.io.FileInputStream.&lt;init&gt;(FileInputStream.java:152)
	at java.base/java.io.FileInputStream.&lt;init&gt;(FileInputStream.java:106)
	at utilities.ExcelUtils.getRowCount(ExcelUtils.java:34)
	at utilities.DataProviders.getData(DataProviders.java:18)
	at java.base/jdk.internal.reflect.DirectMethodHandleAccessor.invoke(DirectMethodHandleAccessor.java:103)
	at java.base/java.lang.reflect.Method.invoke(Method.java:580)
	at org.testng.internal.invokers.MethodInvocationHelper.invokeMethod(MethodInvocationHelper.java:141)
	at org.testng.internal.invokers.MethodInvocationHelper.invokeMethod(MethodInvocationHelper.java:86)
	at org.testng.internal.invokers.MethodInvocationHelper.invokeMethodNoCheckedException(MethodInvocationHelper.java:54)
	at org.testng.internal.invokers.MethodInvocationHelper.invokeDataProvider(MethodInvocationHelper.java:159)
	at org.testng.internal.Parameters.handleParameters(Parameters.java:809)
	at org.testng.internal.Parameters.handleParameters(Parameters.java:734)
	at org.testng.internal.invokers.ParameterHandler.handleParameters(ParameterHandler.java:72)
	at org.testng.internal.invokers.ParameterHandler.createParameters(ParameterHandler.java:51)
	at org.testng.internal.invokers.TestInvoker$MethodInvocationAgent.invoke(TestInvoker.java:946)
	at org.testng.internal.invokers.TestInvoker.invokeTestMethods(TestInvoker.java:203)
	at org.testng.internal.invokers.TestMethodWorker.invokeTestMethods(TestMethodWorker.java:154)
	at org.testng.internal.invokers.TestMethodWorker.run(TestMethodWorker.java:134)
	at java.base/java.util.ArrayList.forEach(ArrayList.java:1597)
	at org.testng.TestRunner.privateRun(TestRunner.java:739)
	at org.testng.TestRunner.run(TestRunner.java:614)
	at org.testng.SuiteRunner.runTest(SuiteRunner.java:421)
	at org.testng.SuiteRunner.runSequentially(SuiteRunner.java:413)
	at org.testng.SuiteRunner.privateRun(SuiteRunner.java:373)
	at org.testng.SuiteRunner.run(SuiteRunner.java:312)
	at org.testng.SuiteRunnerWorker.runSuite(SuiteRunnerWorker.java:52)
	at org.testng.SuiteRunnerWorker.run(SuiteRunnerWorker.java:95)
	at org.testng.TestNG.runSuitesSequentially(TestNG.java:1274)
	at org.testng.TestNG.runSuitesLocally(TestNG.java:1208)
	at org.testng.TestNG.runSuites(TestNG.java:1112)
	at org.testng.TestNG.run(TestNG.java:1079)
	at org.testng.remote.AbstractRemoteTestNG.run(AbstractRemoteTestNG.java:115)
	at org.testng.remote.RemoteTestNG.initAndRun(RemoteTestNG.java:293)
	at org.testng.remote.RemoteTestNG.main(RemoteTestNG.java:91)

21:08:46.559 [main] INFO  org.testng.internal.Utils -[TestNG] Time taken by org.testng.reporters.jq.Main@47f4e407: 71 ms
21:08:46.574 [main] INFO  org.testng.internal.Utils -[TestNG] Time taken by org.testng.reporters.FailedReporter@5e1fa5b1: 11 ms
21:08:46.615 [main] INFO  org.testng.internal.Utils -[TestNG] Time taken by org.testng.reporters.XMLReporter@56303b57: 41 ms
21:08:46.623 [main] INFO  org.testng.internal.Utils -[TestNG] Time taken by org.testng.reporters.EmailableReporter2@68ead359: 7 ms
21:08:46.647 [main] INFO  org.testng.internal.Utils -[TestNG] Time taken by org.testng.reporters.JUnitReportReporter@37052337: 23 ms
21:08:46.648 [main] INFO  org.testng.internal.Utils -[TestNG] Time taken by org.testng.internal.ExitCodeListener@2320fa6f: 0 ms
21:10:15.891 [main] DEBUG org.testng.TestNG -suiteXmlPath: "/Users/yugamanis/eclipse-workspace/OpenCartV1/master.xml"
21:10:16.152 [main] INFO  org.testng.internal.Utils -[TestNG] Running:
  /Users/yugamanis/eclipse-workspace/OpenCartV1/master.xml

21:11:37.857 [main] DEBUG org.testng.TestNG -suiteXmlPath: "/Users/yugamanis/eclipse-workspace/OpenCartV1/master.xml"
21:11:38.123 [main] INFO  org.testng.internal.Utils -[TestNG] Running:
  /Users/yugamanis/eclipse-workspace/OpenCartV1/master.xml

21:32:19.451 [main] DEBUG org.testng.TestNG -suiteXmlPath: "/Users/yugamanis/eclipse-workspace/OpenCartV1/master.xml"
21:32:19.741 [main] INFO  org.testng.internal.Utils -[TestNG] Running:
  /Users/yugamanis/eclipse-workspace/OpenCartV1/master.xml

21:34:01.712 [main] DEBUG org.testng.TestNG -suiteXmlPath: "/var/folders/t7/0c5nm68x2dz7s6jnjvbvmyrc0000gn/T/testng-eclipse--1388369712/testng-customsuite.xml"
21:34:01.898 [main] INFO  org.testng.internal.Utils -[Utils] MethodGroupsHelper.collectMethodsByGroup() took 0 ms.
21:34:01.900 [main] INFO  org.testng.internal.Utils -[Utils] MethodGroupsHelper.sortMethods() took 1 ms.
21:34:01.901 [main] INFO  org.testng.internal.Utils -[Utils] MethodGroupsHelper.collectMethodsByGroup() took 0 ms.
21:34:01.902 [main] INFO  org.testng.internal.Utils -[Utils] MethodGroupsHelper.sortMethods() took 0 ms.
21:34:01.902 [main] INFO  org.testng.internal.Utils -[Utils] MethodGroupsHelper.collectMethodsByGroup() took 0 ms.
21:34:01.902 [main] INFO  org.testng.internal.Utils -[Utils] MethodGroupsHelper.sortMethods() took 0 ms.
21:34:01.903 [main] INFO  org.testng.internal.Utils -[Utils] MethodGroupsHelper.collectMethodsByGroup() took 0 ms.
21:34:01.903 [main] INFO  org.testng.internal.Utils -[Utils] MethodGroupsHelper.sortMethods() took 0 ms.
21:34:01.911 [main] INFO  org.testng.internal.Utils -[Utils] MethodGroupsHelper.collectMethodsByGroup() took 6 ms.
21:34:01.919 [main] INFO  org.testng.internal.Utils -[Utils] MethodGroupsHelper.sortMethods() took 7 ms.
21:34:01.921 [main] INFO  org.testng.internal.Utils -[Utils] MethodGroupsHelper.collectMethodsByGroup() took 0 ms.
21:34:01.921 [main] INFO  org.testng.internal.Utils -[Utils] MethodGroupsHelper.sortMethods() took 0 ms.
21:34:01.922 [main] INFO  org.testng.internal.Utils -[Utils] MethodGroupsHelper.collectMethodsByGroup() took 0 ms.
21:34:01.923 [main] INFO  org.testng.internal.Utils -[Utils] MethodGroupsHelper.sortMethods() took 0 ms.
21:34:01.923 [main] INFO  org.testng.internal.Utils -[Utils] MethodGroupsHelper.collectMethodsByGroup() took 0 ms.
21:34:01.923 [main] INFO  org.testng.internal.Utils -[Utils] MethodGroupsHelper.sortMethods() took 0 ms.
21:34:01.928 [main] INFO  org.testng.internal.Utils -[Utils] MethodGroupsHelper.collectMethodsByGroup() took 0 ms.
21:34:01.928 [main] INFO  org.testng.internal.Utils -[Utils] MethodGroupsHelper.sortMethods() took 0 ms.
21:34:01.929 [main] INFO  org.testng.internal.Utils -[Utils] MethodGroupsHelper.collectMethodsByGroup() took 0 ms.
21:34:01.929 [main] INFO  org.testng.internal.Utils -[Utils] MethodGroupsHelper.sortMethods() took 0 ms.
21:34:01.932 [main] INFO  org.testng.internal.Utils -[Utils] MethodGroupsHelper.collectMethodsByGroup() took 0 ms.
21:34:01.932 [main] INFO  org.testng.internal.Utils -[Utils] MethodGroupsHelper.sortMethods() took 0 ms.
21:34:01.933 [main] INFO  org.testng.internal.Utils -[Utils] MethodGroupsHelper.collectMethodsByGroup() took 0 ms.
21:34:01.933 [main] INFO  org.testng.internal.Utils -[Utils] MethodGroupsHelper.sortMethods() took 0 ms.
21:34:01.936 [main] INFO  org.testng.internal.Utils -[Utils] MethodGroupsHelper.collectMethodsByGroup() took 0 ms.
21:34:01.937 [main] INFO  org.testng.internal.Utils -[Utils] MethodGroupsHelper.sortMethods() took 0 ms.
21:34:01.938 [main] INFO  org.testng.internal.Utils -[Utils] MethodGroupsHelper.collectMethodsByGroup() took 0 ms.
21:34:01.938 [main] INFO  org.testng.internal.Utils -[Utils] MethodGroupsHelper.sortMethods() took 0 ms.
21:34:01.938 [main] INFO  org.testng.internal.Utils -[Utils] MethodGroupsHelper.collectMethodsByGroup() took 0 ms.
21:34:01.938 [main] INFO  org.testng.internal.Utils -[Utils] MethodGroupsHelper.sortMethods() took 0 ms.
21:34:01.955 [main] INFO  org.testng.internal.Utils -[TestNG] Running:
  /private/var/folders/t7/0c5nm68x2dz7s6jnjvbvmyrc0000gn/T/testng-eclipse--1388369712/testng-customsuite.xml

21:34:01.986 [main] INFO  org.testng.internal.Utils -[Utils] DynamicGraphHelper.createDynamicGraph() took 4 ms.
21:34:02.032 [main] ERROR org.testng.internal.Utils -[Error] java.io.FileNotFoundException: .\testData\Opencart_LoginData.xlsx (No such file or directory)
	at java.base/java.io.FileInputStream.open0(Native Method)
	at java.base/java.io.FileInputStream.open(FileInputStream.java:213)
	at java.base/java.io.FileInputStream.&lt;init&gt;(FileInputStream.java:152)
	at java.base/java.io.FileInputStream.&lt;init&gt;(FileInputStream.java:106)
	at utilities.ExcelUtils.getRowCount(ExcelUtils.java:34)
	at utilities.DataProviders.getData(DataProviders.java:18)
	at java.base/jdk.internal.reflect.DirectMethodHandleAccessor.invoke(DirectMethodHandleAccessor.java:103)
	at java.base/java.lang.reflect.Method.invoke(Method.java:580)
	at org.testng.internal.invokers.MethodInvocationHelper.invokeMethod(MethodInvocationHelper.java:141)
	at org.testng.internal.invokers.MethodInvocationHelper.invokeMethod(MethodInvocationHelper.java:86)
	at org.testng.internal.invokers.MethodInvocationHelper.invokeMethodNoCheckedException(MethodInvocationHelper.java:54)
	at org.testng.internal.invokers.MethodInvocationHelper.invokeDataProvider(MethodInvocationHelper.java:159)
	at org.testng.internal.Parameters.handleParameters(Parameters.java:809)
	at org.testng.internal.Parameters.handleParameters(Parameters.java:734)
	at org.testng.internal.invokers.ParameterHandler.handleParameters(ParameterHandler.java:72)
	at org.testng.internal.invokers.ParameterHandler.createParameters(ParameterHandler.java:51)
	at org.testng.internal.invokers.TestInvoker$MethodInvocationAgent.invoke(TestInvoker.java:946)
	at org.testng.internal.invokers.TestInvoker.invokeTestMethods(TestInvoker.java:203)
	at org.testng.internal.invokers.TestMethodWorker.invokeTestMethods(TestMethodWorker.java:154)
	at org.testng.internal.invokers.TestMethodWorker.run(TestMethodWorker.java:134)
	at java.base/java.util.ArrayList.forEach(ArrayList.java:1597)
	at org.testng.TestRunner.privateRun(TestRunner.java:739)
	at org.testng.TestRunner.run(TestRunner.java:614)
	at org.testng.SuiteRunner.runTest(SuiteRunner.java:421)
	at org.testng.SuiteRunner.runSequentially(SuiteRunner.java:413)
	at org.testng.SuiteRunner.privateRun(SuiteRunner.java:373)
	at org.testng.SuiteRunner.run(SuiteRunner.java:312)
	at org.testng.SuiteRunnerWorker.runSuite(SuiteRunnerWorker.java:52)
	at org.testng.SuiteRunnerWorker.run(SuiteRunnerWorker.java:95)
	at org.testng.TestNG.runSuitesSequentially(TestNG.java:1274)
	at org.testng.TestNG.runSuitesLocally(TestNG.java:1208)
	at org.testng.TestNG.runSuites(TestNG.java:1112)
	at org.testng.TestNG.run(TestNG.java:1079)
	at org.testng.remote.AbstractRemoteTestNG.run(AbstractRemoteTestNG.java:115)
	at org.testng.remote.RemoteTestNG.initAndRun(RemoteTestNG.java:293)
	at org.testng.remote.RemoteTestNG.main(RemoteTestNG.java:91)

21:34:02.196 [main] INFO  org.testng.internal.Utils -[TestNG] Time taken by org.testng.reporters.jq.Main@47f4e407: 90 ms
21:34:02.216 [main] INFO  org.testng.internal.Utils -[TestNG] Time taken by org.testng.reporters.FailedReporter@5e1fa5b1: 20 ms
21:34:02.229 [main] INFO  org.testng.internal.Utils -[TestNG] Time taken by org.testng.reporters.XMLReporter@56303b57: 13 ms
21:34:02.236 [main] INFO  org.testng.internal.Utils -[TestNG] Time taken by org.testng.reporters.EmailableReporter2@68ead359: 7 ms
21:34:02.244 [main] INFO  org.testng.internal.Utils -[TestNG] Time taken by org.testng.reporters.JUnitReportReporter@37052337: 8 ms
21:34:02.245 [main] INFO  org.testng.internal.Utils -[TestNG] Time taken by org.testng.internal.ExitCodeListener@2320fa6f: 0 ms
21:35:19.766 [main] DEBUG org.testng.TestNG -suiteXmlPath: "/Users/yugamanis/eclipse-workspace/OpenCartV1/master.xml"
21:35:20.070 [main] INFO  org.testng.internal.Utils -[TestNG] Running:
  /Users/yugamanis/eclipse-workspace/OpenCartV1/master.xml

14:33:57.250 [main] DEBUG org.testng.TestNG -suiteXmlPath: "/Users/yugamanis/eclipse-workspace/OpenCartV1/grouping.xml"
14:33:57.543 [main] INFO  org.testng.internal.Utils -[TestNG] Running:
  /Users/yugamanis/eclipse-workspace/OpenCartV1/grouping.xml

14:34:30.567 [main] DEBUG org.testng.TestNG -suiteXmlPath: "/Users/yugamanis/eclipse-workspace/OpenCartV1/grouping.xml"
14:34:30.839 [main] INFO  org.testng.internal.Utils -[TestNG] Running:
  /Users/yugamanis/eclipse-workspace/OpenCartV1/grouping.xml

14:35:40.621 [main] DEBUG org.testng.TestNG -suiteXmlPath: "/Users/yugamanis/eclipse-workspace/OpenCartV1/grouping.xml"
14:35:40.915 [main] INFO  org.testng.internal.Utils -[TestNG] Running:
  /Users/yugamanis/eclipse-workspace/OpenCartV1/grouping.xml

14:35:50.602 [main] INFO  testCases.TC002_LoginTest -** Starting TC002 Login Test
14:35:52.537 [main] INFO  testCases.TC002_LoginTest -** meessage validation **
14:35:52.546 [main] INFO  testCases.TC002_LoginTest -** meessage validation completed**
14:35:52.547 [main] INFO  testCases.TC002_LoginTest -** TC002_Login Test Finished
14:36:09.070 [main] DEBUG org.testng.TestNG -suiteXmlPath: "/Users/yugamanis/eclipse-workspace/OpenCartV1/grouping.xml"
14:36:09.322 [main] INFO  org.testng.internal.Utils -[TestNG] Running:
  /Users/yugamanis/eclipse-workspace/OpenCartV1/grouping.xml

14:36:14.506 [main] INFO  testCases.TC001_AccountRegisterationTest -** TC1 Started **
14:36:14.935 [main] INFO  testCases.TC001_AccountRegisterationTest -** Home Page **
14:36:14.944 [main] INFO  testCases.TC001_AccountRegisterationTest -** Registeration Page **
14:36:15.495 [main] INFO  testCases.TC001_AccountRegisterationTest -** Agreed **
14:36:16.114 [main] INFO  testCases.TC001_AccountRegisterationTest -** Continued **
14:36:16.114 [main] INFO  testCases.TC001_AccountRegisterationTest -** Message Validation **
14:36:16.166 [main] INFO  testCases.TC001_AccountRegisterationTest -** Test Completed **
14:36:31.487 [main] DEBUG org.testng.TestNG -suiteXmlPath: "/Users/yugamanis/eclipse-workspace/OpenCartV1/grouping.xml"
14:36:31.772 [main] INFO  org.testng.internal.Utils -[TestNG] Running:
  /Users/yugamanis/eclipse-workspace/OpenCartV1/grouping.xml

14:36:41.220 [main] INFO  testCases.TC001_AccountRegisterationTest -** TC1 Started **
14:36:41.738 [main] INFO  testCases.TC001_AccountRegisterationTest -** Home Page **
14:36:41.741 [main] INFO  testCases.TC001_AccountRegisterationTest -** Registeration Page **
14:36:42.258 [main] INFO  testCases.TC001_AccountRegisterationTest -** Agreed **
14:36:42.842 [main] INFO  testCases.TC001_AccountRegisterationTest -** Continued **
14:36:42.842 [main] INFO  testCases.TC001_AccountRegisterationTest -** Message Validation **
14:36:42.875 [main] INFO  testCases.TC001_AccountRegisterationTest -** Test Completed **
14:36:45.812 [main] INFO  testCases.TC002_LoginTest -** Starting TC002 Login Test
14:36:47.003 [main] INFO  testCases.TC002_LoginTest -** meessage validation **
14:36:47.005 [main] INFO  testCases.TC002_LoginTest -** meessage validation completed**
14:36:47.005 [main] INFO  testCases.TC002_LoginTest -** TC002_Login Test Finished
14:37:56.682 [main] DEBUG org.testng.TestNG -suiteXmlPath: "/Users/yugamanis/eclipse-workspace/OpenCartV1/grouping.xml"
14:37:56.938 [main] INFO  org.testng.internal.Utils -[TestNG] Running:
  /Users/yugamanis/eclipse-workspace/OpenCartV1/grouping.xml

18:54:58.502 [main] DEBUG org.testng.TestNG -suiteXmlPath: "/Users/yugamanis/eclipse-workspace/OpenCartV1/grouping.xml"
18:54:58.871 [main] INFO  org.testng.internal.Utils -[TestNG] Running:
  /Users/yugamanis/eclipse-workspace/OpenCartV1/grouping.xml

18:55:14.106 [main] INFO  testCases.TC002_LoginTest -** Starting TC002 Login Test
18:55:15.950 [main] INFO  testCases.TC002_LoginTest -** meessage validation **
18:55:15.952 [main] INFO  testCases.TC002_LoginTest -** meessage validation completed**
18:55:15.952 [main] INFO  testCases.TC002_LoginTest -** TC002_Login Test Finished
18:57:15.999 [main] DEBUG org.testng.TestNG -suiteXmlPath: "/Users/yugamanis/eclipse-workspace/OpenCartV1/grouping.xml"
18:57:16.358 [main] INFO  org.testng.internal.Utils -[TestNG] Running:
  /Users/yugamanis/eclipse-workspace/OpenCartV1/grouping.xml

18:57:20.544 [main] INFO  testCases.TC002_LoginTest -** Starting TC002 Login Test
18:57:31.934 [main] INFO  testCases.TC002_LoginTest -** meessage validation **
20:24:20.066 [main] DEBUG org.testng.TestNG -suiteXmlPath: "/Users/yugamanis/eclipse-workspace/OpenCartV1/grouping.xml"
20:24:20.410 [main] INFO  org.testng.internal.Utils -[TestNG] Running:
  /Users/yugamanis/eclipse-workspace/OpenCartV1/grouping.xml

20:24:25.520 [main] INFO  testCases.TC001_AccountRegisterationTest -** TC1 Started **
20:24:26.161 [main] INFO  testCases.TC001_AccountRegisterationTest -** Home Page **
20:24:26.165 [main] INFO  testCases.TC001_AccountRegisterationTest -** Registeration Page **
20:24:26.803 [main] INFO  testCases.TC001_AccountRegisterationTest -** Agreed **
20:24:27.528 [main] INFO  testCases.TC001_AccountRegisterationTest -** Continued **
20:24:27.528 [main] INFO  testCases.TC001_AccountRegisterationTest -** Message Validation **
20:24:27.569 [main] INFO  testCases.TC001_AccountRegisterationTest -** Test Completed **
20:24:30.931 [main] INFO  testCases.TC002_LoginTest -** Starting TC002 Login Test
20:24:42.016 [main] INFO  testCases.TC002_LoginTest -** meessage validation **
20:27:32.816 [main] DEBUG org.testng.TestNG -suiteXmlPath: "/Users/yugamanis/eclipse-workspace/OpenCartV1/test-output/testng-failed.xml"
20:27:33.116 [main] INFO  org.testng.internal.Utils -[TestNG] Running:
  /Users/yugamanis/eclipse-workspace/OpenCartV1/test-output/testng-failed.xml

20:27:37.521 [main] INFO  testCases.TC002_LoginTest -** Starting TC002 Login Test
20:27:38.981 [main] INFO  testCases.TC002_LoginTest -** meessage validation **
20:27:38.983 [main] INFO  testCases.TC002_LoginTest -** meessage validation completed**
20:27:38.983 [main] INFO  testCases.TC002_LoginTest -** TC002_Login Test Finished
20:29:54.221 [main] DEBUG org.testng.TestNG -suiteXmlPath: "/Users/yugamanis/eclipse-workspace/OpenCartV1/grouping.xml"
20:29:54.522 [main] INFO  org.testng.internal.Utils -[TestNG] Running:
  /Users/yugamanis/eclipse-workspace/OpenCartV1/grouping.xml

20:29:58.935 [main] INFO  testCases.TC001_AccountRegisterationTest -** TC1 Started **
20:29:59.617 [main] INFO  testCases.TC001_AccountRegisterationTest -** Home Page **
20:29:59.621 [main] INFO  testCases.TC001_AccountRegisterationTest -** Registeration Page **
20:30:00.291 [main] INFO  testCases.TC001_AccountRegisterationTest -** Agreed **
20:30:02.239 [main] INFO  testCases.TC001_AccountRegisterationTest -** Continued **
20:30:02.240 [main] INFO  testCases.TC001_AccountRegisterationTest -** Message Validation **
20:30:02.274 [main] ERROR testCases.TC001_AccountRegisterationTest -Test Failed
20:30:02.274 [main] DEBUG testCases.TC001_AccountRegisterationTest -Debug Logs..
20:30:05.866 [main] INFO  testCases.TC002_LoginTest -** Starting TC002 Login Test
20:30:07.230 [main] INFO  testCases.TC002_LoginTest -** meessage validation **
20:30:07.232 [main] INFO  testCases.TC002_LoginTest -** meessage validation completed**
20:30:07.233 [main] INFO  testCases.TC002_LoginTest -** TC002_Login Test Finished
20:30:53.911 [main] DEBUG org.testng.TestNG -suiteXmlPath: "/Users/yugamanis/eclipse-workspace/OpenCartV1/grouping.xml"
20:30:54.190 [main] INFO  org.testng.internal.Utils -[TestNG] Running:
  /Users/yugamanis/eclipse-workspace/OpenCartV1/grouping.xml

20:30:58.606 [main] INFO  testCases.TC001_AccountRegisterationTest -** TC1 Started **
20:30:59.504 [main] INFO  testCases.TC001_AccountRegisterationTest -** Home Page **
20:30:59.507 [main] INFO  testCases.TC001_AccountRegisterationTest -** Registeration Page **
20:31:00.068 [main] INFO  testCases.TC001_AccountRegisterationTest -** Agreed **
20:31:00.754 [main] INFO  testCases.TC001_AccountRegisterationTest -** Continued **
20:31:00.755 [main] INFO  testCases.TC001_AccountRegisterationTest -** Message Validation **
20:31:00.791 [main] ERROR testCases.TC001_AccountRegisterationTest -Test Failed
20:31:00.792 [main] DEBUG testCases.TC001_AccountRegisterationTest -Debug Logs..
20:31:04.290 [main] INFO  testCases.TC002_LoginTest -** Starting TC002 Login Test
20:31:15.357 [main] INFO  testCases.TC002_LoginTest -** meessage validation **
20:32:01.273 [main] DEBUG org.testng.TestNG -suiteXmlPath: "/Users/yugamanis/eclipse-workspace/OpenCartV1/test-output/testng-failed.xml"
20:32:01.591 [main] INFO  org.testng.internal.Utils -[TestNG] Running:
  /Users/yugamanis/eclipse-workspace/OpenCartV1/test-output/testng-failed.xml

20:32:05.486 [main] INFO  testCases.TC001_AccountRegisterationTest -** TC1 Started **
20:32:06.001 [main] INFO  testCases.TC001_AccountRegisterationTest -** Home Page **
20:32:06.004 [main] INFO  testCases.TC001_AccountRegisterationTest -** Registeration Page **
20:32:06.631 [main] INFO  testCases.TC001_AccountRegisterationTest -** Agreed **
20:32:07.283 [main] INFO  testCases.TC001_AccountRegisterationTest -** Continued **
20:32:07.284 [main] INFO  testCases.TC001_AccountRegisterationTest -** Message Validation **
20:32:07.318 [main] INFO  testCases.TC001_AccountRegisterationTest -** Test Completed **
20:32:10.617 [main] INFO  testCases.TC002_LoginTest -** Starting TC002 Login Test
20:32:12.104 [main] INFO  testCases.TC002_LoginTest -** meessage validation **
20:32:12.107 [main] INFO  testCases.TC002_LoginTest -** meessage validation completed**
20:32:12.107 [main] INFO  testCases.TC002_LoginTest -** TC002_Login Test Finished
14:34:10.792 [main] DEBUG org.testng.TestNG -suiteXmlPath: "/Users/yugamanis/eclipse-workspace/OpenCartV1/master.xml"
14:34:11.351 [main] INFO  org.testng.internal.Utils -[TestNG] Running:
  /Users/yugamanis/eclipse-workspace/OpenCartV1/master.xml

14:34:32.000 [main] INFO  testCases.TC001_AccountRegisterationTest -** TC1 Started **
14:34:32.688 [main] INFO  testCases.TC001_AccountRegisterationTest -** Home Page **
14:34:32.690 [main] INFO  testCases.TC001_AccountRegisterationTest -** Registeration Page **
14:34:33.348 [main] INFO  testCases.TC001_AccountRegisterationTest -** Agreed **
14:34:33.937 [main] INFO  testCases.TC001_AccountRegisterationTest -** Continued **
14:34:33.938 [main] INFO  testCases.TC001_AccountRegisterationTest -** Message Validation **
14:34:33.974 [main] INFO  testCases.TC001_AccountRegisterationTest -** Test Completed **
14:34:41.079 [main] INFO  testCases.TC002_LoginTest -** Starting TC002 Login Test
14:34:42.211 [main] INFO  testCases.TC002_LoginTest -** meessage validation **
14:34:42.215 [main] INFO  testCases.TC002_LoginTest -** meessage validation completed**
14:34:42.215 [main] INFO  testCases.TC002_LoginTest -** TC002_Login Test Finished
14:36:10.956 [main] DEBUG org.testng.TestNG -suiteXmlPath: "/Users/yugamanis/eclipse-workspace/OpenCartV1/master.xml"
14:36:11.266 [main] INFO  org.testng.internal.Utils -[TestNG] Running:
  /Users/yugamanis/eclipse-workspace/OpenCartV1/master.xml

14:36:11.550 [main] INFO  testCases.TC001_AccountRegisterationTest -** TC1 Started **
14:36:52.598 [main] DEBUG org.testng.TestNG -suiteXmlPath: "/Users/yugamanis/eclipse-workspace/OpenCartV1/master.xml"
14:36:52.894 [main] INFO  org.testng.internal.Utils -[TestNG] Running:
  /Users/yugamanis/eclipse-workspace/OpenCartV1/master.xml

14:36:53.187 [main] INFO  testCases.TC001_AccountRegisterationTest -** TC1 Started **
14:37:25.121 [main] DEBUG org.testng.TestNG -suiteXmlPath: "/Users/yugamanis/eclipse-workspace/OpenCartV1/master.xml"
14:37:25.523 [main] INFO  org.testng.internal.Utils -[TestNG] Running:
  /Users/yugamanis/eclipse-workspace/OpenCartV1/master.xml

14:37:32.494 [main] INFO  testCases.TC001_AccountRegisterationTest -** TC1 Started **
14:37:33.121 [main] INFO  testCases.TC001_AccountRegisterationTest -** Home Page **
14:37:33.124 [main] INFO  testCases.TC001_AccountRegisterationTest -** Registeration Page **
14:37:33.904 [main] INFO  testCases.TC001_AccountRegisterationTest -** Agreed **
14:37:34.560 [main] INFO  testCases.TC001_AccountRegisterationTest -** Continued **
14:37:34.560 [main] INFO  testCases.TC001_AccountRegisterationTest -** Message Validation **
14:37:34.599 [main] INFO  testCases.TC001_AccountRegisterationTest -** Test Completed **
14:37:37.826 [main] INFO  testCases.TC002_LoginTest -** Starting TC002 Login Test
14:37:39.420 [main] INFO  testCases.TC002_LoginTest -** meessage validation **
14:37:39.428 [main] INFO  testCases.TC002_LoginTest -** meessage validation completed**
14:37:39.428 [main] INFO  testCases.TC002_LoginTest -** TC002_Login Test Finished
14:38:45.356 [main] DEBUG org.testng.TestNG -suiteXmlPath: "/Users/yugamanis/eclipse-workspace/OpenCartV1/master.xml"
14:38:45.679 [main] INFO  org.testng.internal.Utils -[TestNG] Running:
  /Users/yugamanis/eclipse-workspace/OpenCartV1/master.xml

14:38:53.344 [main] INFO  testCases.TC001_AccountRegisterationTest -** TC1 Started **
14:38:54.017 [main] INFO  testCases.TC001_AccountRegisterationTest -** Home Page **
14:38:54.022 [main] INFO  testCases.TC001_AccountRegisterationTest -** Registeration Page **
14:38:54.810 [main] INFO  testCases.TC001_AccountRegisterationTest -** Agreed **
14:38:55.582 [main] INFO  testCases.TC001_AccountRegisterationTest -** Continued **
14:38:55.582 [main] INFO  testCases.TC001_AccountRegisterationTest -** Message Validation **
14:38:55.627 [main] INFO  testCases.TC001_AccountRegisterationTest -** Test Completed **
14:38:59.859 [main] INFO  testCases.TC002_LoginTest -** Starting TC002 Login Test
14:39:01.176 [main] INFO  testCases.TC002_LoginTest -** meessage validation **
14:39:01.179 [main] INFO  testCases.TC002_LoginTest -** meessage validation completed**
14:39:01.179 [main] INFO  testCases.TC002_LoginTest -** TC002_Login Test Finished
15:25:38.639 [main] DEBUG org.testng.TestNG -suiteXmlPath: "/Users/yugamanis/eclipse-workspace/OpenCartV1/grid-docker.xml"
15:25:39.000 [main] INFO  org.testng.internal.Utils -[TestNG] Running:
  /Users/yugamanis/eclipse-workspace/OpenCartV1/grid-docker.xml

15:27:13.257 [main] DEBUG org.testng.TestNG -suiteXmlPath: "/Users/yugamanis/eclipse-workspace/OpenCartV1/grid-docker.xml"
15:27:13.721 [main] INFO  org.testng.internal.Utils -[TestNG] Running:
  /Users/yugamanis/eclipse-workspace/OpenCartV1/grid-docker.xml

15:27:33.430 [main] INFO  testCases.TC001_AccountRegisterationTest -** TC1 Started **
15:27:34.616 [main] INFO  testCases.TC001_AccountRegisterationTest -** Home Page **
15:27:34.619 [main] INFO  testCases.TC001_AccountRegisterationTest -** Registeration Page **
15:27:36.523 [main] INFO  testCases.TC001_AccountRegisterationTest -** Agreed **
15:27:37.538 [main] INFO  testCases.TC001_AccountRegisterationTest -** Continued **
15:27:37.539 [main] INFO  testCases.TC001_AccountRegisterationTest -** Message Validation **
15:27:37.655 [main] INFO  testCases.TC001_AccountRegisterationTest -** Test Completed **
15:27:39.541 [main] INFO  testCases.TC002_LoginTest -** Starting TC002 Login Test
15:27:41.177 [main] INFO  testCases.TC002_LoginTest -** meessage validation **
15:27:41.179 [main] INFO  testCases.TC002_LoginTest -** meessage validation completed**
15:27:41.179 [main] INFO  testCases.TC002_LoginTest -** TC002_Login Test Finished
15:30:43.013 [main] DEBUG org.testng.TestNG -suiteXmlPath: "/Users/yugamanis/eclipse-workspace/OpenCartV1/grid-docker.xml"
15:30:43.736 [main] INFO  org.testng.internal.Utils -[TestNG] Running:
  /Users/yugamanis/eclipse-workspace/OpenCartV1/grid-docker.xml

15:30:53.372 [main] INFO  testCases.TC001_AccountRegisterationTest -** TC1 Started **
15:30:54.378 [main] INFO  testCases.TC001_AccountRegisterationTest -** Home Page **
15:30:54.380 [main] INFO  testCases.TC001_AccountRegisterationTest -** Registeration Page **
15:30:55.155 [main] INFO  testCases.TC001_AccountRegisterationTest -** Agreed **
15:30:55.817 [main] INFO  testCases.TC001_AccountRegisterationTest -** Continued **
15:30:55.817 [main] INFO  testCases.TC001_AccountRegisterationTest -** Message Validation **
15:30:55.883 [main] INFO  testCases.TC001_AccountRegisterationTest -** Test Completed **
15:31:01.651 [main] INFO  testCases.TC002_LoginTest -** Starting TC002 Login Test
15:31:03.316 [main] INFO  testCases.TC002_LoginTest -** meessage validation **
15:31:03.321 [main] INFO  testCases.TC002_LoginTest -** meessage validation completed**
15:31:03.321 [main] INFO  testCases.TC002_LoginTest -** TC002_Login Test Finished
15:34:11.415 [main] DEBUG org.testng.TestNG -suiteXmlPath: "/Users/yugamanis/eclipse-workspace/OpenCartV1/grid-docker.xml"
15:34:12.004 [main] INFO  org.testng.internal.Utils -[TestNG] Running:
  /Users/yugamanis/eclipse-workspace/OpenCartV1/grid-docker.xml

15:34:19.437 [main] INFO  testCases.TC001_AccountRegisterationTest -** TC1 Started **
15:34:20.422 [main] INFO  testCases.TC001_AccountRegisterationTest -** Home Page **
